--- Log opened 四 10月 23 11:19:08 2014
11:19 |-INFO > yan__ [~yan@1-170-79-70.dynamic.hinet.net] has joined #h4
11:19 |-INFO > Irssi: #h4: Total of 13 nicks [0 ops, 0 halfops, 0 voices, 13 normal]
11:19 |-INFO > Irssi: Join to #h4 was synced in 48 secs
11:20 |-INFO > lcamel [~lcamel@2406:2000:efa5:9:46a:13f3:1e8a:a892] has joined #h4
11:22 |-INFO > lcamel_ [~lcamel@2406:2000:efa5:9:e892:7c32:2ee0:7a39] has joined #h4
11:25 |-INFO > lcamel [~lcamel@2406:2000:efa5:9:46a:13f3:1e8a:a892] has quit [Ping timeout: 272 seconds]
11:26 |-INFO > lcamel_ [~lcamel@2406:2000:efa5:9:e892:7c32:2ee0:7a39] has quit [Ping timeout: 244 seconds]
11:50 |-INFO > 7GHAADKMY [scrollback@conference/jsconf/x-iudkxvvfhtxynili] has quit [Remote host closed the connection]
11:51 |-INFO > 7YUAA8Q7X [scrollback@conference/jsconf/x-eiqwepqcvjaitbvi] has joined #h4
11:53 |-INFO > lcamel [~lcamel@2406:2000:efa5:9:4128:ea94:b42:2a2e] has joined #h4
11:53  > matlinuxer2 午安~
11:55  > matlinuxer2 有沒有人試過 tapchat 這個 IRC App?
11:58 |-INFO > lcamel [~lcamel@2406:2000:efa5:9:4128:ea94:b42:2a2e] has quit [Ping timeout: 244 seconds]
11:59 |-INFO > lcamel [~lcamel@2406:2000:efa5:9:c5ae:570d:2069:2e7f] has joined #h4
12:03 |-INFO > lcamel [~lcamel@2406:2000:efa5:9:c5ae:570d:2069:2e7f] has quit [Ping timeout: 265 seconds]
12:37 |-INFO > You're now known as yan
12:40 |-INFO > You're now known as yan2
12:41 |-INFO > You're now known as yan
12:42 |-INFO > You're now known as yan2
12:45 |-INFO > You're now known as yan
12:48  > yan test
12:50 |-INFO > lcamel [~lcamel@2406:2000:efa5:9:7ca0:4796:33db:62b8] has joined #h4
12:52 |-INFO > lcamel [~lcamel@2406:2000:efa5:9:7ca0:4796:33db:62b8] has quit [Remote host closed the connection]
12:53 |-INFO > lcamel [~lcamel@2406:2000:efa5:9:7ca0:4796:33db:62b8] has joined #h4
12:57 |-INFO > lcamel [~lcamel@2406:2000:efa5:9:7ca0:4796:33db:62b8] has quit [Ping timeout: 265 seconds]
13:04  > yan h4 irc log 上線了 https://github.com/hacking-thursday/h4-irc-logs/
13:04  > yan 也可以訂閱 RSS https://github.com/hacking-thursday/h4-irc-logs/commits/master.atom
13:05 |-INFO > kanru [~kanru@118-163-10-192.HINET-IP.hinet.net] has quit [Remote host closed the connection]
13:15 |-INFO > kanru [~kanru@118-163-10-192.HINET-IP.hinet.net] has joined #h4
13:28  > matlinuxer2 GJ
13:28  > matlinuxer2 http://www.theunixschool.com/2012/03/join-every-2-lines-in-file.html
13:37 |-INFO > tsaikd [~tsaikd@114-40-38-92.dynamic.hinet.net] has joined #h4
13:39 |-INFO > tsaikd [~tsaikd@114-40-38-92.dynamic.hinet.net] has left #h4 []
13:41 |-INFO > tsaikd [~tsaikd@114-40-38-92.dynamic.hinet.net] has joined #h4
13:43  > matlinuxer2 yan: h4-irc-logs 的 feed 好像太頻繁了, 它把 connect/disconnect 訊息也 commit 進去了...XD
13:44 |-INFO > tsaikd [~tsaikd@114-40-38-92.dynamic.hinet.net] has quit [Client Quit]
13:44 |-INFO > tsaikd [~tsaikd@114-40-38-92.dynamic.hinet.net] has joined #h4
13:53 |-INFO > lcamel [~lcamel@2406:2000:efa5:9:7511:7a02:f7dc:d913] has joined #h4
13:54 |-INFO > bruce__ [uid22977@gateway/web/irccloud.com/x-ucsnpawlaqfraykg] has joined #h4
13:57 |-INFO > lcamel [~lcamel@2406:2000:efa5:9:7511:7a02:f7dc:d913] has quit [Ping timeout: 244 seconds]
14:00 |-INFO > mrmoneyc [~mrmoneyc@198.199.98.216] has quit [Ping timeout: 260 seconds]
14:00 |-INFO > tsaikd [~tsaikd@114-40-38-92.dynamic.hinet.net] has quit [Ping timeout: 260 seconds]
14:00 |-INFO > tsaikd [~tsaikd@114-40-38-92.dynamic.hinet.net] has joined #h4
14:00 |-INFO > mrmoneyc [~mrmoneyc@198.199.98.216] has joined #h4
14:00 |-INFO > wenchien [~freenode@123-204-41-50.static.seed.net.tw] has quit [Ping timeout: 260 seconds]
14:03 | yan > matlinuxer2: 我來調整一下
14:08 | yan > matlinuxer2: OK
15:06 <        sysd>| [sysd] matlinuxer2 pushed 1 new commit to branches/mat: http://git.io/4vm46g
15:06 <        sysd>| sysd/branches/mat b4e32fd Chun-Yu Lee (Mat): 新增 /sys/bus/ 列舉
15:50  > matlinuxer2 誰有 OP ?
16:31 |-INFO > matlinuxer2 is now known as pct
16:32 |-INFO > pct is now known as matlinuxer2
17:10 <        sysd>| [sysd] a0726h77 opened pull request #11: add module: battery (branches/mat...mods/battery) http://git.io/y-0L7Q
17:11 <        sysd>| [sysd] a0726h77 opened pull request #12: Update .gitignore (branches/mat...gitignore) http://git.io/VnKKwg
17:14 |-INFO > You're now known as a0726h77
17:14 |-INFO > mode/#h4 [+o a0726h77] by ChanServ
17:14 |-INFO > mode/#h4 [+o matlinuxer2] by a0726h77
17:14 |-INFO > You're now known as yan
17:23 <        sysd>| [sysd] matlinuxer2 closed pull request #11: add module: battery (branches/mat...mods/battery) http://git.io/y-0L7Q
17:24 <        sysd>| [sysd] matlinuxer2 pushed 1 new commit to branches/mat: http://git.io/x4K7-Q
17:24 <        sysd>| sysd/branches/mat 4420bcb matlinuxer2: Merge pull request #12 from hacking-thursday/gitignore...
17:28  > matlinuxer2 yan: 那個 battary 的模組, 有hardcode BAT0 的部份。之後可以再把它參數化~ ^^
17:32 |@yan > matlinuxer2: ok, 之後會像 ifconfig 一樣列出全部
17:37 <@matlinuxer2>| 對了  你怎麼拿到OP的?
17:37 |@yan > matlinuxer2: 之前有請 pct 幫我們加
17:37 |@yan > matlinuxer2: 但還不是 channel admin
17:38  > matlinuxer2 "/msg chanserv info #h4"
17:42  > matlinuxer2 bruce__: hi~
17:44 |@matlinuxer2 > yan: scrollback.io. 的bot 你後來有試成功嗎?
17:53 |@yan > matlinuxer2: 有, 7YUAA8Q7X 就是他的 bot
17:55  > matlinuxer2 yan: 喔, 了解，那你不就有拿到他的 widget 了~
19:13 |-INFO > bruce__ is now known as brucetsai
20:01 |@yan > matlinuxer2: 不太清楚 widget 是哪個部分耶？
20:32 |@matlinuxer2 > yan: 就是 embed 的 可內嵌網頁的語法
20:34 |@matlinuxer2 > yan: 不過 Scrollback 好像沒跟 IRC Sync
20:56 <        yan1>| <-- 這個是從 scrollback 發出來的
22:16  > matlinuxer2 yan: 有，我看到了!!
22:17 |@matlinuxer2 > yan: 我剛剛把 IRC 嵌到 H4 首頁下面的分頁中
22:17 |@matlinuxer2 > yan: 方便沒裝 IRC client 的人可以直接加入聊天
22:18 <      lcamel>| matlinuxer2: cool!
22:19  > matlinuxer2 lcamel: 哈 好久不見~
22:20 <@matlinuxer2>| lcamel: 很久沒用 irc 了
22:20 <      lcamel>| matlinuxer2: ^^|||
