--- Log opened 日 11月 02 00:00:25 2014
01:15 < matlinuxer2> 成功自製 32-bits 的 docker image 了... 但不知道如何上傳.
01:32 < matlinuxer2> VMV: hello
01:34 < VMV> hi
01:34 < matlinuxer2> VMV: 你是..?
01:34 < matlinuxer2> 新人or ..?
01:35 < VMV> 我不说中国话...
01:36 < matlinuxer2> oops
01:37 < VMV> 这个频道是唯一的人谁讲中国人吗？
01:37 < VMV> 我甚至在这里得到了意外，可能只是在这里为我？
01:38 < matlinuxer2> VMV: google translate?
01:39 < VMV> yes :)
01:39 < matlinuxer2> VMV: english talk is welcome, too
01:40 < matlinuxer2> VMV: feel free to talk to us~
01:42 < VMV> thank you :) but my English is not very good, unfortunately... but this is much better than Chinese
01:43 < matlinuxer2> :-)
01:43 < VMV> in this channel discuss about what?
01:45 < VMV> about programming and web?
01:46 < matlinuxer2> yup, programming / linux / open source / web / new tech / ... and gossip ~
01:46 < matlinuxer2> how do you found this channel?
01:55 < VMV> accidentally :) i'm learning python language and searched interesting channel
02:01 < matlinuxer2> good~!
13:17 < sysd> [sysd] matlinuxer2 deleted branches/mat at 7a727d0: http://git.io/ck__hQ
22:07 < sysd> [sysd] a0726h77 opened pull request #15: 修正 /etc/init.d/sysd stop 有時失效 (devel...start-stop-daemon) http://git.io/YMli9w
