--- Log opened 二 11月 11 00:00:37 2014
08:21 < matlinuxer2> 早安~
11:14 <@yan> hello~
11:14 < matlinuxer2> yan: hi
11:17 <@yan> matlinuxer2: :)
11:17 <@yan> 期待禮拜四快來
11:17 < tsaikd> XD
11:25 < matlinuxer2> 科科...
11:25 < kanru`> 翻身的機會
11:25 < kanru`> 我這裡敗可能會去 科科
11:27 < matlinuxer2> lol
11:27 < kanru`> 奇怪，選完字送出又錯了
11:30 < matlinuxer2> 酷音?
11:39 < kanru`> yep
11:39 < kanru`> 感謝 czchen 大大
12:10 < matlinuxer2> czchen++
12:12 < h4bot> [sync.in] page "h4" edited http://sync.in/h4
12:13 < matlinuxer2> 真的很誇張 czchen 已經連續2年多，週週都有 commit了 <(_._)>
12:31 < kanru`> 要跟 czchen 看齊
18:13 <@yan> ./op kanru hychen matlinuxer2
21:58 <@hychen> kanru`: 大大!
