--- Log opened 六 11月 01 00:00:23 2014
09:45  * matlinuxer2 yan: 對了，你之前不是想改 docker 的 inspect 的功能，有改出來嗎?
09:48 < yan__> 還沒耶，不過之前的用意是說，sysd 已經有模組並且跟 docker 能通用
09:48 < yan__> 這樣就可以在 host 取得 container 的資訊
09:49 < yan__> 包含 CPU、Memory、NET 等
09:50 < yan__> 最近，不知道 docker remote api 那邊有沒有這個功能
09:50 < matlinuxer2> 了解...
09:51 < matlinuxer2> yan__: ok, 我再看一下好了, 我想說下午如果沒事作, 就作個小 patch 之類的 XD
09:57 < yan__> 不過後來也有發現
09:57 < yan__> 他 container 裡的資訊跟 host 是一樣的
09:57 < yan__> 如 CPU
09:57  * matlinuxer2 yan__: 喔 對 ，我想起來了...
09:58 < matlinuxer2> yan__: 那一天作的實驗，確實是一樣的
10:00 < matlinuxer2> yan__: 哈，搞不好會遇到 container A 開 top , 發現 top 的 cpu 超高，但其實都是 container B 的 process 在用的這種狀r況~~
10:00 < yan__> 嗯呀
12:48 < tsaikd3> docker resource 管理有另一套辦法
12:49 < tsaikd3> 我到CLBC了
12:51 < matlinuxer2> 騎車中
13:39 < matlinuxer2> 這裡網路頗快
13:40 < lcamel> matlinuxer2: https://github.com/ronnywang/heroku-ircbot
13:40 < lcamel> matlinuxer2: 不用錢
13:41 < matlinuxer2> 喔喔，原來可以這樣用喔 cool!!~
13:45 < matlinuxer2> 放眼望去都是 Macbook....
19:58 <@hychen> 哪邊都是mackbook
19:58 <@hychen> 越來越少人用ircbot了
20:02 <@hychen> s/ircbot/macbook/g
23:05 < matlinuxer2> https://bitbucket.org/matlinuxer2/mat-portage-overlay/src/5560d14c6934fc195cebb113ecec36407b252aa5/app-emulation/docker/files/docker-9999.patch?at=master
23:05 < matlinuxer2> patch for docker on i386
--- Log closed 日 11月 02 00:00:25 2014
