--- Log opened 五 11月 28 00:00:02 2014
00:20 < h4bot> [sync.in] page "h4" edited http://sync.in/h4
01:55 < DreamerC> lol
08:48  * yan morning~
08:48 < yan> DreamerC: hi~
09:00 < matlinuxer2> 早安~
09:04 < tsaikd1> hio
16:20 < h4bot> [sync.in] page "h4" edited http://sync.in/h4
16:21 < matlinuxer2> tsaikd1: x_x|||
16:21 < matlinuxer2> tsaikd1: 摸索 Angularjs 中...
16:22 < matlinuxer2> DreamerC: 很久沒在網路上碰到了
16:31 < yan> mat 在用 Angularjs ?
16:32 < matlinuxer2> yan: tsaikd 在 sysd 用了 angular js, 所以我得跟著學一下 ^^
16:36 < matlinuxer2> yan: 你有用過?
16:36 < yan> matlinuxer2: 沒有 @@
16:36 < yan> matlinuxer2: 還不敢陷入
16:42 < tsaikd1> matlinuxer2: 要連到 index.src.html, 不是 index.html
16:43 < matlinuxer2> matlinuxer2: 有，我知道，但我還抓不到程式的進入點 >,<
17:08 < tsaikd1> matlinuxer2: sysd daemon 開起來, 直接用網頁連, 你可以隨便找個地方加 console.log("XXX") 之類的去確認執行期間的變數
17:18 < matlinuxer2> tsaikd1: 有，我知道，有試過
17:18 < matlinuxer2> tsaikd1: sysd.getProcGraph() 這個在那會會被 call 到?
17:19 < tsaikd1> matlinuxer2: 目前都不會被 call 到
17:20 < matlinuxer2> tsaikd1: @@
17:20 < matlinuxer2> tsaikd1: 難怪...都沒有動靜 XD
17:20 < matlinuxer2> tsaikd1: 那我怎麼測試 getProcGraph() 這個 func?
17:21 < tsaikd1> 手動call吧
17:21 < tsaikd1> function 還沒寫好所以在 UI 上不應該被觸發
17:22 < matlinuxer2> how? app.fatory('sysd').getProcGraph()?
17:22 < tsaikd1> 直接在 index.js 裡面加一行 windows.sysd = sysd;
17:23 < tsaikd1> 然後就可以在 debug 裡面用 sysd.xxx 了
17:33 < matlinuxer2> tsaikd1: 沒成功，晚點跟你請教~
--- Log closed 六 11月 29 00:00:03 2014
