--- Log opened 四 11月 13 00:00:40 2014
11:08  * yan__ 前往台北中
11:40 < h4bot> [sync.in] page "h4" edited http://sync.in/h4
15:00 < d1t21> @tsaikd webui selectlang icon 沒有顯示，像是angularjs只輸出小寫檔名
15:05 < tsaikd> d1t21: Y...我有發現裡面有bug...主要是大小寫問題...XD
15:32 < d1t21> 剛寫的PKGBUILD(https://aur.archlinux.org/packages/sysd-git/) 會在Archlinux裝上 devel branch
16:12 < tsaikd> icon 問題修正了, 等 mat or yan merge吧...^_^
16:30 < matlinuxer2> /me 立馬 merge
16:31 < matlinuxer2> tsaikd++ , d1t21++
16:31 < matlinuxer2> d1t21: GJ
16:39 < matlinuxer21> test
16:42 < bcbcarl> @d1t2 是？
16:42 < matlinuxer2> bcbcarl: dieter
16:42 < bcbcarl> 沒想到竟然已經有 AUR
16:43  * matlinuxer2 應該沒錯吧? XD
16:43 < bcbcarl> 我好像連不上
16:44 < matlinuxer2> bcbcarl: 你是說 scrollback.io ?
16:44 < bcbcarl> AUR
16:44 < bcbcarl> 是我這邊 DNS 的關係嗎？你們可以連嗎？
16:45 < matlinuxer2> 我可以連~
16:46 < bcbcarl> 那就是 DNS
16:47 < matlinuxer2> 你是設 8.8.8.8 ( google dns) ?
16:47 < bcbcarl> 呃，不能下指令
16:47 < matlinuxer2> @@||| ?
16:48 < bcbcarl> @matlinuxer22 對啊我有設 8.8.8.8
16:48 < matlinuxer2> Arch pkg 都有了，我晚上來打包 gentoo 的好了
16:48  * matlinuxer2 輸人不輸陣~
16:48 < bcbcarl> 所以 scrollback 要怎麼下指令
16:48 < bcbcarl> 測試
16:50 < matlinuxer2> "/msg nickserv identify <nick>  <pass>" 這樣...?
16:50 < bcbcarl> 看起來是認不到 nickserv
16:51 < matlinuxer2> google DNS 有時候會出問題
16:52 < matlinuxer2> 上次挫過一次，我後來都用 hinet 的 DNS 了
16:52 < matlinuxer2> 其實 hinet 的 DNS 還蠻穩的...
17:27 < sysd> [sysd] dieterplex opened pull request #32: Add arch linux dockerfile (devel...devel) http://git.io/nS3tLQ
17:29 < d1t21> bot 會收到 github 的 event 是怎麼運作的？
17:30 < matlinuxer2> d1t21: github.com 內建的功能~
17:31 < d1t21> @matlinuxer22 webhook?
17:31 < matlinuxer2> d1t21: yes
17:32 < d1t21> @matlinuxer22 先前在gitlab也用過發email，是一樣的東西
17:33 < sysd> [sysd] matlinuxer2 closed pull request #32: Add arch linux dockerfile (devel...devel) http://git.io/nS3tLQ
17:34 < matlinuxer2> d1t21: cool, 現在的 code hosting 都作得很貼心
17:34 < matlinuxer2> 回想以前 sourceforge.net 的時代
17:34 < bcbcarl> 真方便，會自己通知
17:35 < matlinuxer2> 那時候連開一個 project 都要人工審核 @@||| ( 等了2個星期，天啊...)
17:36 < bcbcarl> 題外話，我有在 Slack 開了 hackingthursday 和 sysd
17:37 < bcbcarl> 先把它註冊下來
17:37 < matlinuxer2> ok
17:37 < matlinuxer2> h4 @ slack 不知道是不是 yan 註下來的?
