--- Log opened 一 11月 03 00:00:26 2014
--- Log closed 一 11月 03 04:10:10 2014
--- Log opened 一 11月 03 04:10:21 2014
04:10 -!- Irssi: #h4: Total of 20 nicks [5 ops, 0 halfops, 0 voices, 15 normal]
04:10 -!- Irssi: Join to #h4 was synced in 11 secs
09:06 < matlinuxer2> 早安~
09:06 < matlinuxer2> FourDollars: 請問一下你知道有那些 debian packages 是用 golang 寫的嗎?
09:07 <@FourDollars> matlinuxer2: docker 跟 juju 吧
09:08 <@FourDollars> matlinuxer2: 只是不曉得有沒有放在 Debian archives 裡面就是了 :P
09:08 < matlinuxer2> FourDollars: 了解 Thanks~
09:09 < matlinuxer2> matlinuxer2: 正在研究怎麼包 golang 的程式, 你有包過嗎?
09:09 < matlinuxer2> 剛剛看到 docker 是用 fpm 的樣子
09:09 < matlinuxer2> https://github.com/jordansissel/fpm
09:10 <@FourDollars> 沒有耶
09:10 <@FourDollars> 很少會碰到 golang 的程式
09:14  * matlinuxer2 FourDollars: 對, 我想找個 debian pkg 觀摹一下，結果找半天都找不到 XD
09:15 <@FourDollars> matlinuxer2: ITP 的時候會寫使用的程式語言，也許可以從這點下手。
09:15 < matlinuxer2> FourDollars: 喔 對，我再去找找看 ^^ thanks~
09:16 <@FourDollars> matlinuxer2: Search "debian lang golang itp" 有不少
10:09 < yan> matlinuxer2: 可以直接請問一下嗎，之前有 survey 過 sync.in 如何取得 revision，我想說也把他打到 irc？
10:24 < matlinuxer2> yan: 我忘了把它丟去那了...XD
11:55 < matlinuxer2> yan:  應該是 h4-scripts 下的 h4_etherpad_notifier
11:55 < matlinuxer2> yan: 你找找看, sync.in 應該也是 etherpad 的系統
13:04 < yan> matlinuxer2: ok, 我再研究一下~
13:04 < matlinuxer2> yan: 你現在住宜蘭?
13:05 < yan> matlinuxer2: 還沒過去，可能是這禮拜五過去
13:06 < matlinuxer2> yan: 了解~
22:23 < nc___> test
22:24 < h4> test
22:31 < h4> test
23:45 < matlinuxer2> http://stackoverflow.com/questions/15104089/packaging-golang-application-for-debian
23:55 < h4-scripts> [h4-scripts] a0726h77 opened pull request #41: etherpad irc notifier (develop...etherpad_irc_notifier) http://git.io/vTQU0Q
23:57 < h4-scripts> [h4-scripts] a0726h77 closed pull request #41: etherpad irc notifier (develop...etherpad_irc_notifier) http://git.io/vTQU0Q
23:58 < h4-scripts> [h4-scripts] a0726h77 pushed 2 new commits to develop: http://git.io/npLZHQ
23:58 < h4-scripts> h4-scripts/develop 93c7197 yan: fix : irc channel
23:58 < h4-scripts> h4-scripts/develop 5b4f8e0 yan: Merge branch 'etherpad_irc_notifier' into develop
--- Log closed 二 11月 04 00:00:27 2014
