--- Log opened 四 11月 27 00:00:01 2014
--- Log closed 四 11月 27 05:13:31 2014
--- Log opened 四 11月 27 05:13:40 2014
05:13 -!- Irssi: #h4: Total of 24 nicks [2 ops, 0 halfops, 0 voices, 22 normal]
05:13 -!- Irssi: Join to #h4 was synced in 8 secs
19:04 < yan> matlinuxer2: 想請問一下 mat 的研究成果
19:04 < yan> 我剛看完不過有點搞混
19:04 < yan> 有了 carbon 還需要 statsd 嗎?
19:10 < matlinuxer2> yan: 我沒用過 statsd
19:11 < matlinuxer2> 可以用netcat直接打tcp給它
19:21 < yan> 嗯嗯，打到 carbon 的 2003 port
19:24 < yan> 3Q，我來建立 dashboard
19:44 < matlinuxer2> yan: (y)
19:45 < matlinuxer2> H4ing... XD
19:49 < matlinuxer2> bruce: tsaikd 的 OSX 上的 path 沒問題耶
20:40 < h4bot> [sync.in] page "h4" edited http://sync.in/h4
20:48 < matlinuxer2> 科科
21:00 < h4bot> [sync.in] page "h4" edited http://sync.in/h4
21:19 < hychen> matlinuxer2+++
21:20 < h4bot> [sync.in] page "h4" edited http://sync.in/h4
