--- Log opened 一 10月 27 00:00:16 2014
01:39 < hychen> 雙向功能有點buggy XD
08:57 < matlinuxer2> 早安~
09:19 < yan> morngin~
09:19 < lcamel_> 早~
09:20 < yan> 這麼早就在 IRC 上出沒 :)
09:28 < lcamel_> 現在只有 chihchun_afk 可以改 title 是嗎
09:28 < lcamel_> s/title/topic/
09:29 < lcamel_> 如果可以的話 也加 https://github.com/hacking-thursday/h4-irc-logs/ 進去?
10:04 -!- yan changed the topic of #h4 to: 主網頁 http://www.hackingthursday.org/ 聊天記錄 http://goo.gl/xWXP0w 每週共筆分享 http://sync.in/h4
10:25 <@matlinuxer2> :-o
10:25  * matlinuxer2 超多 OP 的... XD
11:05 <@matlinuxer2> IRC 註冊的帳號是不是太久沒上會被砍掉啊? ...@.@
11:05 <@matlinuxer2> 我的舊帳號不見了...XD
11:09 <@yan> matlinuxer2: 是不是沒上線所以查詢不到
11:10 <@yan> matlinuxer2: 如果直接切換到你的舊 nick 看看？
11:10 <@matlinuxer2> yan: 可以切換，果然不見了 XD
11:11 <@matlinuxer2> yan: OP 的部份，我記得可以設 autoop, 在登入時自動取得 OP
11:13 <@matlinuxer2> 設定權限的部份，好像要找 channel fonder 拿, 註: "/msg chanserv access list #h4" 可以列出管理員列表
11:16 <@yan> matlinuxer2: (y)
11:17 <@yan> 我們就沒有權限執行  /msg ChanServ ACCESS #h4 ADD user 10
11:20 <@matlinuxer2> yan: yes
12:22 <@hychen> 不曉得誒
22:23 <@matlinuxer2> 請教一下
22:24 <@hychen> ?
22:26 <@matlinuxer2> 有沒有什麼工具可以trace 某runtime process 所開的resource列表?  (Socket/file/...)
22:28 <@hychen> losf
22:28 <@hychen> lsof
22:29 < lcamel> or strace
22:31 <@matlinuxer2> 謝謝！ 我剛用 lsof 看到一個異狀 => http://imgur.com/NZ5YOOl
22:32 <@matlinuxer2> lcamel: strace 好像要執行時就下指令. 不過我是想 trace 正在執行的 apache process.
22:33  * matlinuxer2 症狀是 cpu 飆到 100% 一整天, 但不知道它在執行什麼東西? 或連往何處...
22:34 < lcamel> sudo -u <uid> strace -p <pid>
22:37 <@matlinuxer2> lcamel: 太好了，我需要這個, thanks~
22:40 < lcamel> matlinuxer2: ^^
