--- Log opened 五 10月 24 00:00:59 2014
06:09 |-INFO > chihchun is now known as chihchun_afk
08:44  > matlinuxer2 早安~
09:02 <   Sam______>| Hi
09:02 <   Sam______>| @yan
09:02 <   Sam______>| : )
09:14 <@matlinuxer2>| 最近 firefox 常常當掉, 不知道有沒有人也有相同的狀況 ( 剛剛又當了...XD)
09:16 <   Sam______>| 在 linux 上？
09:16 <   Sam______>| 還是 windows?
09:27 <@matlinuxer2>| linux 上
09:29 <@matlinuxer2>| 改用 chrome ，也不是很順利。 google chrome 的 omnibox 瘋了 , 我打 github , 會被 autocomplete/prediction 的東西改成 "gtihub", 真糟...
09:30 <@matlinuxer2>| https://productforums.google.com/forum/#!topic/chrome/UC1h23kpQT8
09:31 <@matlinuxer2>| 真的是太扯了，一開始我還以為是輸入法有問題，後來才發現是 chrome omnibox 搞的鬼 XD
10:16 |@yan > matlinuxer2: 咦，我的 chrome 上不會被改掉耶?
10:17 |@matlinuxer2 > yan: 你的是幾版的?
10:18 |@yan > matlinuxer2: 38.0.2125.104
10:19 |@matlinuxer2 > yan: 我的是 37
10:19  > matlinuxer2 來升級好了...
11:13 <@matlinuxer2>| 升級了還是一樣...-.-|||
11:16 <@matlinuxer2>| disable search engine 的選項後，有稍微快一點，但 history 的 search/auto-complete 還是會有問題
