--- Log opened 五 10月 31 00:00:22 2014
00:24 < sysd> [sysd] a0726h77 opened pull request #14: iterating all battery properties (branches/mat...mods/battery) http://git.io/bbGPOQ
00:27 < sysd> [sysd] matlinuxer2 pushed 1 new commit to branches/mat: http://git.io/VFRxPA
00:27 < sysd> sysd/branches/mat 7a727d0 matlinuxer2: Merge pull request #14 from hacking-thursday/mods/battery...
00:43  * yan good night ~
--- Log closed 五 10月 31 05:29:56 2014
--- Log opened 五 10月 31 05:30:04 2014
05:30 -!- Irssi: #h4: Total of 19 nicks [7 ops, 0 halfops, 0 voices, 12 normal]
05:30 -!- Irssi: Join to #h4 was synced in 7 secs
09:09 < matlinuxer2> 早安~
12:29 < bullone> 大家早
13:07 < matlinuxer2> 明天有誰會去 docker 的活動啊?
13:47 < tsaikd3> matlinuxer2: 我跟革非會去
16:35 < matlinuxer2> yan 也會去?
16:39 < matlinuxer2> tsaikd3: 一組最多3人?
17:18 < tsaikd3> matlinuxer2: 阿災
23:11 < yan> bullone: hello frank~~~
23:12 < yan> matlinuxer2, kd  偶還在臺中 T T
23:26 < matlinuxer2> yan: 了解~
23:29 < yan> matlinuxer2: 加油～明天是各自 hacking 嗎？
23:31 < matlinuxer2> 應該是吧，看明天有沒有人要收留我 XD
23:44 < yan> matlinuxer2: 不會啦
23:44 < yan> matlinuxer2: KD 也在
23:45 < yan> matlinuxer2: 順便尋找新的有興趣的人一起討論
